2022-10-18 21:56:41,200 [Worker-8: Loading available Gradle versions] INFO  o.e.b.c.i.u.g.PublishedGradleVersions - Gradle version information cache is up-to-date. Trying to read.
2022-10-18 21:58:02,022 [Worker-21: Enabling Maven Dependency Management] INFO  o.e.m.c.i.l.LifecycleMappingFactory - Using org.eclipse.m2e.jdt.JarLifecycleMapping lifecycle mapping for MavenProject: qa_first:qa_first:0.0.1-SNAPSHOT @ D:\SeagateHDD\Studying Files\QA Automation\Java\qa_first\pom.xml.
2022-10-18 21:58:02,357 [Worker-21: Enabling Maven Dependency Management] INFO  o.e.m.j.i.AbstractJavaProjectConfigurator - Adding source folder /qa_first/src
2022-10-18 21:58:02,361 [Worker-21: Enabling Maven Dependency Management] INFO  o.e.m.j.i.AbstractJavaProjectConfigurator - Not adding source folder /qa_first/src/test/java because it overlaps with /qa_first/src
2022-10-18 21:58:02,454 [Worker-21: Enabling Maven Dependency Management] INFO  o.e.m.c.i.p.ProjectConfigurationManager - Update started
2022-10-18 21:58:02,662 [Worker-21: Enabling Maven Dependency Management] INFO  o.e.m.c.i.l.LifecycleMappingFactory - Using org.eclipse.m2e.jdt.JarLifecycleMapping lifecycle mapping for MavenProject: qa_first:qa_first:0.0.1-SNAPSHOT @ D:\SeagateHDD\Studying Files\QA Automation\Java\qa_first\pom.xml.
2022-10-18 21:58:02,803 [Worker-21: Enabling Maven Dependency Management] INFO  o.e.m.j.i.AbstractJavaProjectConfigurator - Adding source folder /qa_first/src
2022-10-18 21:58:02,806 [Worker-21: Enabling Maven Dependency Management] INFO  o.e.m.j.i.AbstractJavaProjectConfigurator - Not adding source folder /qa_first/src/test/java because it overlaps with /qa_first/src
2022-10-18 21:58:02,847 [Worker-21: Enabling Maven Dependency Management] INFO  o.e.m.c.i.p.ProjectConfigurationManager - Update completed: 0 sec
2022-10-18 21:58:02,975 [Worker-21: Building] WARN  o.e.m.c.i.embedder.EclipseLogger - Using platform encoding (Cp1252 actually) to copy filtered resources, i.e. build is platform dependent!
2022-10-18 21:58:02,976 [Worker-21: Building] INFO  o.e.m.c.i.embedder.EclipseLogger - skip non existing resourceDirectory D:\SeagateHDD\Studying Files\QA Automation\Java\qa_first\src\main\resources
2022-10-18 21:58:02,978 [Worker-21: Building] WARN  o.e.m.c.i.embedder.EclipseLogger - Using platform encoding (Cp1252 actually) to copy filtered resources, i.e. build is platform dependent!
2022-10-18 21:58:02,978 [Worker-21: Building] INFO  o.e.m.c.i.embedder.EclipseLogger - skip non existing resourceDirectory D:\SeagateHDD\Studying Files\QA Automation\Java\qa_first\src\test\resources
2022-10-18 22:00:41,436 [Worker-30: Building] INFO  o.e.m.c.i.l.LifecycleMappingFactory - Using org.eclipse.m2e.jdt.JarLifecycleMapping lifecycle mapping for MavenProject: qa_first:qa_first:0.0.1-SNAPSHOT @ D:\SeagateHDD\Studying Files\QA Automation\Java\qa_first\pom.xml.
2022-10-18 22:00:41,727 [Worker-30: Building] WARN  o.e.m.c.i.embedder.EclipseLogger - Using platform encoding (Cp1252 actually) to copy filtered resources, i.e. build is platform dependent!
2022-10-18 22:00:41,728 [Worker-30: Building] INFO  o.e.m.c.i.embedder.EclipseLogger - skip non existing resourceDirectory D:\SeagateHDD\Studying Files\QA Automation\Java\qa_first\src\main\resources
2022-10-18 22:00:41,730 [Worker-30: Building] WARN  o.e.m.c.i.embedder.EclipseLogger - Using platform encoding (Cp1252 actually) to copy filtered resources, i.e. build is platform dependent!
2022-10-18 22:00:41,730 [Worker-30: Building] INFO  o.e.m.c.i.embedder.EclipseLogger - skip non existing resourceDirectory D:\SeagateHDD\Studying Files\QA Automation\Java\qa_first\src\test\resources
2022-10-18 22:00:42,913 [Worker-6: Building] WARN  o.e.m.c.i.embedder.EclipseLogger - Using platform encoding (Cp1252 actually) to copy filtered resources, i.e. build is platform dependent!
2022-10-18 22:00:42,913 [Worker-6: Building] INFO  o.e.m.c.i.embedder.EclipseLogger - skip non existing resourceDirectory D:\SeagateHDD\Studying Files\QA Automation\Java\qa_first\src\main\resources
2022-10-18 22:00:42,914 [Worker-6: Building] WARN  o.e.m.c.i.embedder.EclipseLogger - Using platform encoding (Cp1252 actually) to copy filtered resources, i.e. build is platform dependent!
2022-10-18 22:00:42,915 [Worker-6: Building] INFO  o.e.m.c.i.embedder.EclipseLogger - skip non existing resourceDirectory D:\SeagateHDD\Studying Files\QA Automation\Java\qa_first\src\test\resources
2022-10-18 22:02:15,718 [Worker-31: Building] WARN  o.e.m.c.i.embedder.EclipseLogger - Using platform encoding (Cp1252 actually) to copy filtered resources, i.e. build is platform dependent!
2022-10-18 22:02:15,718 [Worker-31: Building] INFO  o.e.m.c.i.embedder.EclipseLogger - skip non existing resourceDirectory D:\SeagateHDD\Studying Files\QA Automation\Java\qa_first\src\main\resources
2022-10-18 22:02:15,720 [Worker-31: Building] WARN  o.e.m.c.i.embedder.EclipseLogger - Using platform encoding (Cp1252 actually) to copy filtered resources, i.e. build is platform dependent!
2022-10-18 22:02:15,721 [Worker-31: Building] INFO  o.e.m.c.i.embedder.EclipseLogger - skip non existing resourceDirectory D:\SeagateHDD\Studying Files\QA Automation\Java\qa_first\src\test\resources
2022-10-18 22:04:09,055 [Worker-33: Building] WARN  o.e.m.c.i.embedder.EclipseLogger - Using platform encoding (Cp1252 actually) to copy filtered resources, i.e. build is platform dependent!
2022-10-18 22:04:09,056 [Worker-33: Building] INFO  o.e.m.c.i.embedder.EclipseLogger - skip non existing resourceDirectory D:\SeagateHDD\Studying Files\QA Automation\Java\qa_first\src\main\resources
2022-10-18 22:04:09,057 [Worker-33: Building] WARN  o.e.m.c.i.embedder.EclipseLogger - Using platform encoding (Cp1252 actually) to copy filtered resources, i.e. build is platform dependent!
2022-10-18 22:04:09,058 [Worker-33: Building] INFO  o.e.m.c.i.embedder.EclipseLogger - skip non existing resourceDirectory D:\SeagateHDD\Studying Files\QA Automation\Java\qa_first\src\test\resources
2022-10-18 22:04:10,080 [Worker-32: Building] WARN  o.e.m.c.i.embedder.EclipseLogger - Using platform encoding (Cp1252 actually) to copy filtered resources, i.e. build is platform dependent!
2022-10-18 22:04:10,080 [Worker-32: Building] INFO  o.e.m.c.i.embedder.EclipseLogger - skip non existing resourceDirectory D:\SeagateHDD\Studying Files\QA Automation\Java\qa_first\src\main\resources
2022-10-18 22:04:10,081 [Worker-32: Building] WARN  o.e.m.c.i.embedder.EclipseLogger - Using platform encoding (Cp1252 actually) to copy filtered resources, i.e. build is platform dependent!
2022-10-18 22:04:10,082 [Worker-32: Building] INFO  o.e.m.c.i.embedder.EclipseLogger - skip non existing resourceDirectory D:\SeagateHDD\Studying Files\QA Automation\Java\qa_first\src\test\resources
2022-10-18 22:04:14,391 [Worker-29: Building] WARN  o.e.m.c.i.embedder.EclipseLogger - Using platform encoding (Cp1252 actually) to copy filtered resources, i.e. build is platform dependent!
2022-10-18 22:04:14,392 [Worker-29: Building] INFO  o.e.m.c.i.embedder.EclipseLogger - skip non existing resourceDirectory D:\SeagateHDD\Studying Files\QA Automation\Java\qa_first\src\main\resources
2022-10-18 22:04:14,393 [Worker-29: Building] WARN  o.e.m.c.i.embedder.EclipseLogger - Using platform encoding (Cp1252 actually) to copy filtered resources, i.e. build is platform dependent!
2022-10-18 22:04:14,393 [Worker-29: Building] INFO  o.e.m.c.i.embedder.EclipseLogger - skip non existing resourceDirectory D:\SeagateHDD\Studying Files\QA Automation\Java\qa_first\src\test\resources
2022-10-19 13:19:19,701 [Worker-32: Launching FirstClass] WARN  o.e.m.c.i.embedder.EclipseLogger - Using platform encoding (Cp1252 actually) to copy filtered resources, i.e. build is platform dependent!
2022-10-19 13:19:19,703 [Worker-32: Launching FirstClass] INFO  o.e.m.c.i.embedder.EclipseLogger - skip non existing resourceDirectory D:\SeagateHDD\Studying Files\QA Automation\Java\qa_first\src\main\resources
2022-10-19 13:19:19,705 [Worker-32: Launching FirstClass] WARN  o.e.m.c.i.embedder.EclipseLogger - Using platform encoding (Cp1252 actually) to copy filtered resources, i.e. build is platform dependent!
2022-10-19 13:19:19,705 [Worker-32: Launching FirstClass] INFO  o.e.m.c.i.embedder.EclipseLogger - skip non existing resourceDirectory D:\SeagateHDD\Studying Files\QA Automation\Java\qa_first\src\test\resources
2022-10-19 13:20:01,668 [Worker-32: Building] WARN  o.e.m.c.i.embedder.EclipseLogger - Using platform encoding (Cp1252 actually) to copy filtered resources, i.e. build is platform dependent!
2022-10-19 13:20:01,669 [Worker-32: Building] INFO  o.e.m.c.i.embedder.EclipseLogger - skip non existing resourceDirectory D:\SeagateHDD\Studying Files\QA Automation\Java\qa_first\src\main\resources
2022-10-19 13:20:01,671 [Worker-32: Building] WARN  o.e.m.c.i.embedder.EclipseLogger - Using platform encoding (Cp1252 actually) to copy filtered resources, i.e. build is platform dependent!
2022-10-19 13:20:01,672 [Worker-32: Building] INFO  o.e.m.c.i.embedder.EclipseLogger - skip non existing resourceDirectory D:\SeagateHDD\Studying Files\QA Automation\Java\qa_first\src\test\resources
2022-10-19 13:24:25,032 [Worker-41: Launching FirstClass] WARN  o.e.m.c.i.embedder.EclipseLogger - Using platform encoding (Cp1252 actually) to copy filtered resources, i.e. build is platform dependent!
2022-10-19 13:24:25,032 [Worker-41: Launching FirstClass] INFO  o.e.m.c.i.embedder.EclipseLogger - skip non existing resourceDirectory D:\SeagateHDD\Studying Files\QA Automation\Java\qa_first\src\main\resources
2022-10-19 13:24:25,034 [Worker-41: Launching FirstClass] WARN  o.e.m.c.i.embedder.EclipseLogger - Using platform encoding (Cp1252 actually) to copy filtered resources, i.e. build is platform dependent!
2022-10-19 13:24:25,034 [Worker-41: Launching FirstClass] INFO  o.e.m.c.i.embedder.EclipseLogger - skip non existing resourceDirectory D:\SeagateHDD\Studying Files\QA Automation\Java\qa_first\src\test\resources
2022-10-19 15:03:46,083 [Worker-46: Launching FirstClass] WARN  o.e.m.c.i.embedder.EclipseLogger - Using platform encoding (Cp1252 actually) to copy filtered resources, i.e. build is platform dependent!
2022-10-19 15:03:46,084 [Worker-46: Launching FirstClass] INFO  o.e.m.c.i.embedder.EclipseLogger - skip non existing resourceDirectory D:\SeagateHDD\Studying Files\QA Automation\Java\qa_first\src\main\resources
2022-10-19 15:03:46,086 [Worker-46: Launching FirstClass] WARN  o.e.m.c.i.embedder.EclipseLogger - Using platform encoding (Cp1252 actually) to copy filtered resources, i.e. build is platform dependent!
2022-10-19 15:03:46,087 [Worker-46: Launching FirstClass] INFO  o.e.m.c.i.embedder.EclipseLogger - skip non existing resourceDirectory D:\SeagateHDD\Studying Files\QA Automation\Java\qa_first\src\test\resources
2022-10-19 15:45:08,645 [Worker-54: Launching FirstClass] WARN  o.e.m.c.i.embedder.EclipseLogger - Using platform encoding (Cp1252 actually) to copy filtered resources, i.e. build is platform dependent!
2022-10-19 15:45:08,647 [Worker-54: Launching FirstClass] INFO  o.e.m.c.i.embedder.EclipseLogger - skip non existing resourceDirectory D:\SeagateHDD\Studying Files\QA Automation\Java\qa_first\src\main\resources
2022-10-19 15:45:08,649 [Worker-54: Launching FirstClass] WARN  o.e.m.c.i.embedder.EclipseLogger - Using platform encoding (Cp1252 actually) to copy filtered resources, i.e. build is platform dependent!
2022-10-19 15:45:08,649 [Worker-54: Launching FirstClass] INFO  o.e.m.c.i.embedder.EclipseLogger - skip non existing resourceDirectory D:\SeagateHDD\Studying Files\QA Automation\Java\qa_first\src\test\resources
2022-10-19 15:46:08,051 [Worker-55: Launching FirstClass] WARN  o.e.m.c.i.embedder.EclipseLogger - Using platform encoding (Cp1252 actually) to copy filtered resources, i.e. build is platform dependent!
2022-10-19 15:46:08,051 [Worker-55: Launching FirstClass] INFO  o.e.m.c.i.embedder.EclipseLogger - skip non existing resourceDirectory D:\SeagateHDD\Studying Files\QA Automation\Java\qa_first\src\main\resources
2022-10-19 15:46:08,053 [Worker-55: Launching FirstClass] WARN  o.e.m.c.i.embedder.EclipseLogger - Using platform encoding (Cp1252 actually) to copy filtered resources, i.e. build is platform dependent!
2022-10-19 15:46:08,053 [Worker-55: Launching FirstClass] INFO  o.e.m.c.i.embedder.EclipseLogger - skip non existing resourceDirectory D:\SeagateHDD\Studying Files\QA Automation\Java\qa_first\src\test\resources
2022-10-19 15:53:57,699 [Worker-58: Launching FirstClass] WARN  o.e.m.c.i.embedder.EclipseLogger - Using platform encoding (Cp1252 actually) to copy filtered resources, i.e. build is platform dependent!
2022-10-19 15:53:57,699 [Worker-58: Launching FirstClass] INFO  o.e.m.c.i.embedder.EclipseLogger - skip non existing resourceDirectory D:\SeagateHDD\Studying Files\QA Automation\Java\qa_first\src\main\resources
2022-10-19 15:53:57,701 [Worker-58: Launching FirstClass] WARN  o.e.m.c.i.embedder.EclipseLogger - Using platform encoding (Cp1252 actually) to copy filtered resources, i.e. build is platform dependent!
2022-10-19 15:53:57,702 [Worker-58: Launching FirstClass] INFO  o.e.m.c.i.embedder.EclipseLogger - skip non existing resourceDirectory D:\SeagateHDD\Studying Files\QA Automation\Java\qa_first\src\test\resources
2022-10-19 15:56:17,293 [Worker-54: Launching FirstClass] WARN  o.e.m.c.i.embedder.EclipseLogger - Using platform encoding (Cp1252 actually) to copy filtered resources, i.e. build is platform dependent!
2022-10-19 15:56:17,293 [Worker-54: Launching FirstClass] INFO  o.e.m.c.i.embedder.EclipseLogger - skip non existing resourceDirectory D:\SeagateHDD\Studying Files\QA Automation\Java\qa_first\src\main\resources
2022-10-19 15:56:17,295 [Worker-54: Launching FirstClass] WARN  o.e.m.c.i.embedder.EclipseLogger - Using platform encoding (Cp1252 actually) to copy filtered resources, i.e. build is platform dependent!
2022-10-19 15:56:17,295 [Worker-54: Launching FirstClass] INFO  o.e.m.c.i.embedder.EclipseLogger - skip non existing resourceDirectory D:\SeagateHDD\Studying Files\QA Automation\Java\qa_first\src\test\resources
2022-10-19 16:03:44,255 [Worker-1: Loading available Gradle versions] INFO  o.e.b.c.i.u.g.PublishedGradleVersions - Gradle version information cache is up-to-date. Trying to read.
2022-10-19 16:10:38,256 [Worker-31: Launching FirstClass] WARN  o.e.m.c.i.embedder.EclipseLogger - Using platform encoding (Cp1252 actually) to copy filtered resources, i.e. build is platform dependent!
2022-10-19 16:10:38,258 [Worker-31: Launching FirstClass] INFO  o.e.m.c.i.embedder.EclipseLogger - skip non existing resourceDirectory D:\SeagateHDD\Studying Files\QA Automation\Java\qa_first\src\main\resources
2022-10-19 16:10:38,260 [Worker-31: Launching FirstClass] WARN  o.e.m.c.i.embedder.EclipseLogger - Using platform encoding (Cp1252 actually) to copy filtered resources, i.e. build is platform dependent!
2022-10-19 16:10:38,261 [Worker-31: Launching FirstClass] INFO  o.e.m.c.i.embedder.EclipseLogger - skip non existing resourceDirectory D:\SeagateHDD\Studying Files\QA Automation\Java\qa_first\src\test\resources
2022-10-19 16:55:48,086 [Worker-31: Launching FirstClass] WARN  o.e.m.c.i.embedder.EclipseLogger - Using platform encoding (Cp1252 actually) to copy filtered resources, i.e. build is platform dependent!
2022-10-19 16:55:48,086 [Worker-31: Launching FirstClass] INFO  o.e.m.c.i.embedder.EclipseLogger - skip non existing resourceDirectory D:\SeagateHDD\Studying Files\QA Automation\Java\qa_first\src\main\resources
2022-10-19 16:55:48,089 [Worker-31: Launching FirstClass] WARN  o.e.m.c.i.embedder.EclipseLogger - Using platform encoding (Cp1252 actually) to copy filtered resources, i.e. build is platform dependent!
2022-10-19 16:55:48,089 [Worker-31: Launching FirstClass] INFO  o.e.m.c.i.embedder.EclipseLogger - skip non existing resourceDirectory D:\SeagateHDD\Studying Files\QA Automation\Java\qa_first\src\test\resources
2022-10-19 17:03:08,707 [Worker-47: Launching FirstClass] WARN  o.e.m.c.i.embedder.EclipseLogger - Using platform encoding (Cp1252 actually) to copy filtered resources, i.e. build is platform dependent!
2022-10-19 17:03:08,707 [Worker-47: Launching FirstClass] INFO  o.e.m.c.i.embedder.EclipseLogger - skip non existing resourceDirectory D:\SeagateHDD\Studying Files\QA Automation\Java\qa_first\src\main\resources
2022-10-19 17:03:08,709 [Worker-47: Launching FirstClass] WARN  o.e.m.c.i.embedder.EclipseLogger - Using platform encoding (Cp1252 actually) to copy filtered resources, i.e. build is platform dependent!
2022-10-19 17:03:08,709 [Worker-47: Launching FirstClass] INFO  o.e.m.c.i.embedder.EclipseLogger - skip non existing resourceDirectory D:\SeagateHDD\Studying Files\QA Automation\Java\qa_first\src\test\resources
2022-10-20 21:11:56,052 [Worker-47: Launching FirstClass] WARN  o.e.m.c.i.embedder.EclipseLogger - Using platform encoding (Cp1252 actually) to copy filtered resources, i.e. build is platform dependent!
2022-10-20 21:11:56,058 [Worker-47: Launching FirstClass] INFO  o.e.m.c.i.embedder.EclipseLogger - skip non existing resourceDirectory D:\SeagateHDD\Studying Files\QA Automation\Java\qa_first\src\main\resources
2022-10-20 21:11:56,060 [Worker-47: Launching FirstClass] WARN  o.e.m.c.i.embedder.EclipseLogger - Using platform encoding (Cp1252 actually) to copy filtered resources, i.e. build is platform dependent!
2022-10-20 21:11:56,060 [Worker-47: Launching FirstClass] INFO  o.e.m.c.i.embedder.EclipseLogger - skip non existing resourceDirectory D:\SeagateHDD\Studying Files\QA Automation\Java\qa_first\src\test\resources
2022-10-20 21:13:25,643 [Worker-50: Enabling Maven Dependency Management] INFO  o.e.m.c.i.l.LifecycleMappingFactory - Using org.eclipse.m2e.jdt.JarLifecycleMapping lifecycle mapping for MavenProject: second_web:second_web:0.0.1-SNAPSHOT @ D:\SeagateHDD\Studying Files\QA Automation\Java\second_web\pom.xml.
2022-10-20 21:13:26,324 [Worker-50: Enabling Maven Dependency Management] INFO  o.e.m.j.i.AbstractJavaProjectConfigurator - Adding source folder /second_web/src
2022-10-20 21:13:26,325 [Worker-50: Enabling Maven Dependency Management] INFO  o.e.m.j.i.AbstractJavaProjectConfigurator - Not adding source folder /second_web/src/test/java because it overlaps with /second_web/src
2022-10-20 21:13:26,432 [Worker-50: Enabling Maven Dependency Management] INFO  o.e.m.c.i.p.ProjectConfigurationManager - Update started
2022-10-20 21:13:26,643 [Worker-50: Enabling Maven Dependency Management] INFO  o.e.m.c.i.l.LifecycleMappingFactory - Using org.eclipse.m2e.jdt.JarLifecycleMapping lifecycle mapping for MavenProject: second_web:second_web:0.0.1-SNAPSHOT @ D:\SeagateHDD\Studying Files\QA Automation\Java\second_web\pom.xml.
2022-10-20 21:13:26,675 [Worker-50: Enabling Maven Dependency Management] INFO  o.e.m.j.i.AbstractJavaProjectConfigurator - Adding source folder /second_web/src
2022-10-20 21:13:26,675 [Worker-50: Enabling Maven Dependency Management] INFO  o.e.m.j.i.AbstractJavaProjectConfigurator - Not adding source folder /second_web/src/test/java because it overlaps with /second_web/src
2022-10-20 21:13:26,702 [Worker-50: Enabling Maven Dependency Management] INFO  o.e.m.c.i.p.ProjectConfigurationManager - Update completed: 0 sec
2022-10-20 21:13:26,845 [Worker-51: Building] WARN  o.e.m.c.i.embedder.EclipseLogger - Using platform encoding (Cp1252 actually) to copy filtered resources, i.e. build is platform dependent!
2022-10-20 21:13:26,846 [Worker-51: Building] INFO  o.e.m.c.i.embedder.EclipseLogger - skip non existing resourceDirectory D:\SeagateHDD\Studying Files\QA Automation\Java\second_web\src\main\resources
2022-10-20 21:13:26,848 [Worker-51: Building] WARN  o.e.m.c.i.embedder.EclipseLogger - Using platform encoding (Cp1252 actually) to copy filtered resources, i.e. build is platform dependent!
2022-10-20 21:13:26,849 [Worker-51: Building] INFO  o.e.m.c.i.embedder.EclipseLogger - skip non existing resourceDirectory D:\SeagateHDD\Studying Files\QA Automation\Java\second_web\src\test\resources
2022-10-20 21:13:51,778 [Worker-47: Building] INFO  o.e.m.c.i.l.LifecycleMappingFactory - Using org.eclipse.m2e.jdt.JarLifecycleMapping lifecycle mapping for MavenProject: second_web:second_web:0.0.1-SNAPSHOT @ D:\SeagateHDD\Studying Files\QA Automation\Java\second_web\pom.xml.
2022-10-20 21:13:51,956 [Worker-47: Building] WARN  o.e.m.c.i.embedder.EclipseLogger - Using platform encoding (Cp1252 actually) to copy filtered resources, i.e. build is platform dependent!
2022-10-20 21:13:51,958 [Worker-47: Building] INFO  o.e.m.c.i.embedder.EclipseLogger - skip non existing resourceDirectory D:\SeagateHDD\Studying Files\QA Automation\Java\second_web\src\main\resources
2022-10-20 21:13:51,959 [Worker-47: Building] WARN  o.e.m.c.i.embedder.EclipseLogger - Using platform encoding (Cp1252 actually) to copy filtered resources, i.e. build is platform dependent!
2022-10-20 21:13:51,960 [Worker-47: Building] INFO  o.e.m.c.i.embedder.EclipseLogger - skip non existing resourceDirectory D:\SeagateHDD\Studying Files\QA Automation\Java\second_web\src\test\resources
2022-10-20 21:13:53,062 [Worker-47: Building] WARN  o.e.m.c.i.embedder.EclipseLogger - Using platform encoding (Cp1252 actually) to copy filtered resources, i.e. build is platform dependent!
2022-10-20 21:13:53,062 [Worker-47: Building] INFO  o.e.m.c.i.embedder.EclipseLogger - skip non existing resourceDirectory D:\SeagateHDD\Studying Files\QA Automation\Java\second_web\src\main\resources
2022-10-20 21:13:53,064 [Worker-47: Building] WARN  o.e.m.c.i.embedder.EclipseLogger - Using platform encoding (Cp1252 actually) to copy filtered resources, i.e. build is platform dependent!
2022-10-20 21:13:53,064 [Worker-47: Building] INFO  o.e.m.c.i.embedder.EclipseLogger - skip non existing resourceDirectory D:\SeagateHDD\Studying Files\QA Automation\Java\second_web\src\test\resources
2022-10-20 21:14:54,589 [Worker-52: Building] WARN  o.e.m.c.i.embedder.EclipseLogger - Using platform encoding (Cp1252 actually) to copy filtered resources, i.e. build is platform dependent!
2022-10-20 21:14:54,590 [Worker-52: Building] INFO  o.e.m.c.i.embedder.EclipseLogger - skip non existing resourceDirectory D:\SeagateHDD\Studying Files\QA Automation\Java\second_web\src\main\resources
2022-10-20 21:14:54,591 [Worker-52: Building] WARN  o.e.m.c.i.embedder.EclipseLogger - Using platform encoding (Cp1252 actually) to copy filtered resources, i.e. build is platform dependent!
2022-10-20 21:14:54,592 [Worker-52: Building] INFO  o.e.m.c.i.embedder.EclipseLogger - skip non existing resourceDirectory D:\SeagateHDD\Studying Files\QA Automation\Java\second_web\src\test\resources
2022-10-20 21:20:15,754 [Worker-55: Building] WARN  o.e.m.c.i.embedder.EclipseLogger - Using platform encoding (Cp1252 actually) to copy filtered resources, i.e. build is platform dependent!
2022-10-20 21:20:15,754 [Worker-55: Building] INFO  o.e.m.c.i.embedder.EclipseLogger - skip non existing resourceDirectory D:\SeagateHDD\Studying Files\QA Automation\Java\second_web\src\main\resources
2022-10-20 21:20:15,756 [Worker-55: Building] WARN  o.e.m.c.i.embedder.EclipseLogger - Using platform encoding (Cp1252 actually) to copy filtered resources, i.e. build is platform dependent!
2022-10-20 21:20:15,756 [Worker-55: Building] INFO  o.e.m.c.i.embedder.EclipseLogger - skip non existing resourceDirectory D:\SeagateHDD\Studying Files\QA Automation\Java\second_web\src\test\resources
2022-10-20 21:20:41,973 [Worker-56: Building] WARN  o.e.m.c.i.embedder.EclipseLogger - Using platform encoding (Cp1252 actually) to copy filtered resources, i.e. build is platform dependent!
2022-10-20 21:20:41,973 [Worker-56: Building] INFO  o.e.m.c.i.embedder.EclipseLogger - skip non existing resourceDirectory D:\SeagateHDD\Studying Files\QA Automation\Java\second_web\src\main\resources
2022-10-20 21:20:41,974 [Worker-56: Building] WARN  o.e.m.c.i.embedder.EclipseLogger - Using platform encoding (Cp1252 actually) to copy filtered resources, i.e. build is platform dependent!
2022-10-20 21:20:41,975 [Worker-56: Building] INFO  o.e.m.c.i.embedder.EclipseLogger - skip non existing resourceDirectory D:\SeagateHDD\Studying Files\QA Automation\Java\second_web\src\test\resources
2022-10-20 21:29:27,398 [Worker-57: Launching Login] WARN  o.e.m.c.i.embedder.EclipseLogger - Using platform encoding (Cp1252 actually) to copy filtered resources, i.e. build is platform dependent!
2022-10-20 21:29:27,398 [Worker-57: Launching Login] INFO  o.e.m.c.i.embedder.EclipseLogger - skip non existing resourceDirectory D:\SeagateHDD\Studying Files\QA Automation\Java\second_web\src\main\resources
2022-10-20 21:29:27,400 [Worker-57: Launching Login] WARN  o.e.m.c.i.embedder.EclipseLogger - Using platform encoding (Cp1252 actually) to copy filtered resources, i.e. build is platform dependent!
2022-10-20 21:29:27,400 [Worker-57: Launching Login] INFO  o.e.m.c.i.embedder.EclipseLogger - skip non existing resourceDirectory D:\SeagateHDD\Studying Files\QA Automation\Java\second_web\src\test\resources
2022-10-20 21:48:11,423 [Worker-61: Updating Maven Project] INFO  o.e.m.c.i.p.ProjectConfigurationManager - Update started
2022-10-20 21:48:11,661 [Worker-61: Updating Maven Project] INFO  o.e.m.c.i.l.LifecycleMappingFactory - Using org.eclipse.m2e.jdt.JarLifecycleMapping lifecycle mapping for MavenProject: second_web:second_web:0.0.1-SNAPSHOT @ D:\SeagateHDD\Studying Files\QA Automation\Java\second_web\pom.xml.
2022-10-20 21:48:11,776 [Worker-61: Updating Maven Project] INFO  o.e.m.c.i.l.LifecycleMappingFactory - Using org.eclipse.m2e.jdt.JarLifecycleMapping lifecycle mapping for MavenProject: qa_first:qa_first:0.0.1-SNAPSHOT @ D:\SeagateHDD\Studying Files\QA Automation\Java\qa_first\pom.xml.
2022-10-20 21:48:12,269 [Worker-61: Updating Maven Project] INFO  o.e.m.j.i.AbstractJavaProjectConfigurator - Adding source folder /second_web/src
2022-10-20 21:48:12,269 [Worker-61: Updating Maven Project] INFO  o.e.m.j.i.AbstractJavaProjectConfigurator - Not adding source folder /second_web/src/test/java because it overlaps with /second_web/src
2022-10-20 21:48:12,373 [Worker-61: Updating Maven Project] INFO  o.e.m.c.i.p.ProjectConfigurationManager - Update completed: 0 sec
2022-10-20 21:48:12,502 [Worker-60: Building] WARN  o.e.m.c.i.embedder.EclipseLogger - Using platform encoding (Cp1252 actually) to copy filtered resources, i.e. build is platform dependent!
2022-10-20 21:48:12,507 [Worker-60: Building] INFO  o.e.m.c.i.embedder.EclipseLogger - skip non existing resourceDirectory D:\SeagateHDD\Studying Files\QA Automation\Java\qa_first\src\main\resources
2022-10-20 21:48:12,511 [Worker-60: Building] WARN  o.e.m.c.i.embedder.EclipseLogger - Using platform encoding (Cp1252 actually) to copy filtered resources, i.e. build is platform dependent!
2022-10-20 21:48:12,511 [Worker-60: Building] INFO  o.e.m.c.i.embedder.EclipseLogger - skip non existing resourceDirectory D:\SeagateHDD\Studying Files\QA Automation\Java\qa_first\src\test\resources
2022-10-20 21:48:12,537 [Worker-60: Building] WARN  o.e.m.c.i.embedder.EclipseLogger - Using platform encoding (Cp1252 actually) to copy filtered resources, i.e. build is platform dependent!
2022-10-20 21:48:12,537 [Worker-60: Building] INFO  o.e.m.c.i.embedder.EclipseLogger - skip non existing resourceDirectory D:\SeagateHDD\Studying Files\QA Automation\Java\second_web\src\main\resources
2022-10-20 21:48:12,539 [Worker-60: Building] WARN  o.e.m.c.i.embedder.EclipseLogger - Using platform encoding (Cp1252 actually) to copy filtered resources, i.e. build is platform dependent!
2022-10-20 21:48:12,540 [Worker-60: Building] INFO  o.e.m.c.i.embedder.EclipseLogger - skip non existing resourceDirectory D:\SeagateHDD\Studying Files\QA Automation\Java\second_web\src\test\resources
2022-10-20 21:59:38,120 [Worker-61: Launching Login] WARN  o.e.m.c.i.embedder.EclipseLogger - Using platform encoding (Cp1252 actually) to copy filtered resources, i.e. build is platform dependent!
2022-10-20 21:59:38,121 [Worker-61: Launching Login] INFO  o.e.m.c.i.embedder.EclipseLogger - skip non existing resourceDirectory D:\SeagateHDD\Studying Files\QA Automation\Java\second_web\src\main\resources
2022-10-20 21:59:38,123 [Worker-61: Launching Login] WARN  o.e.m.c.i.embedder.EclipseLogger - Using platform encoding (Cp1252 actually) to copy filtered resources, i.e. build is platform dependent!
2022-10-20 21:59:38,124 [Worker-61: Launching Login] INFO  o.e.m.c.i.embedder.EclipseLogger - skip non existing resourceDirectory D:\SeagateHDD\Studying Files\QA Automation\Java\second_web\src\test\resources
2022-10-20 21:59:58,207 [Worker-62: Launching Login] WARN  o.e.m.c.i.embedder.EclipseLogger - Using platform encoding (Cp1252 actually) to copy filtered resources, i.e. build is platform dependent!
2022-10-20 21:59:58,209 [Worker-62: Launching Login] INFO  o.e.m.c.i.embedder.EclipseLogger - skip non existing resourceDirectory D:\SeagateHDD\Studying Files\QA Automation\Java\second_web\src\main\resources
2022-10-20 21:59:58,210 [Worker-62: Launching Login] WARN  o.e.m.c.i.embedder.EclipseLogger - Using platform encoding (Cp1252 actually) to copy filtered resources, i.e. build is platform dependent!
2022-10-20 21:59:58,211 [Worker-62: Launching Login] INFO  o.e.m.c.i.embedder.EclipseLogger - skip non existing resourceDirectory D:\SeagateHDD\Studying Files\QA Automation\Java\second_web\src\test\resources
2022-10-20 22:04:23,956 [Worker-62: Building] WARN  o.e.m.c.i.embedder.EclipseLogger - Using platform encoding (Cp1252 actually) to copy filtered resources, i.e. build is platform dependent!
2022-10-20 22:04:23,957 [Worker-62: Building] INFO  o.e.m.c.i.embedder.EclipseLogger - skip non existing resourceDirectory D:\SeagateHDD\Studying Files\QA Automation\Java\second_web\src\main\resources
2022-10-20 22:04:23,958 [Worker-62: Building] WARN  o.e.m.c.i.embedder.EclipseLogger - Using platform encoding (Cp1252 actually) to copy filtered resources, i.e. build is platform dependent!
2022-10-20 22:04:23,958 [Worker-62: Building] INFO  o.e.m.c.i.embedder.EclipseLogger - skip non existing resourceDirectory D:\SeagateHDD\Studying Files\QA Automation\Java\second_web\src\test\resources
2022-10-22 15:31:00,440 [Worker-7: Loading available Gradle versions] INFO  o.e.b.c.i.u.g.PublishedGradleVersions - Gradle version information cache is out-of-date. Trying to update.
2022-10-22 15:37:45,235 [Worker-8: Launching Login] WARN  o.e.m.c.i.embedder.EclipseLogger - Using platform encoding (Cp1252 actually) to copy filtered resources, i.e. build is platform dependent!
2022-10-22 15:37:45,237 [Worker-8: Launching Login] INFO  o.e.m.c.i.embedder.EclipseLogger - skip non existing resourceDirectory D:\SeagateHDD\Studying Files\QA Automation\Java\second_web\src\main\resources
2022-10-22 15:37:45,240 [Worker-8: Launching Login] WARN  o.e.m.c.i.embedder.EclipseLogger - Using platform encoding (Cp1252 actually) to copy filtered resources, i.e. build is platform dependent!
2022-10-22 15:37:45,241 [Worker-8: Launching Login] INFO  o.e.m.c.i.embedder.EclipseLogger - skip non existing resourceDirectory D:\SeagateHDD\Studying Files\QA Automation\Java\second_web\src\test\resources
2022-10-22 15:45:44,249 [Worker-29: Launching Login] WARN  o.e.m.c.i.embedder.EclipseLogger - Using platform encoding (Cp1252 actually) to copy filtered resources, i.e. build is platform dependent!
2022-10-22 15:45:44,250 [Worker-29: Launching Login] INFO  o.e.m.c.i.embedder.EclipseLogger - skip non existing resourceDirectory D:\SeagateHDD\Studying Files\QA Automation\Java\second_web\src\main\resources
2022-10-22 15:45:44,251 [Worker-29: Launching Login] WARN  o.e.m.c.i.embedder.EclipseLogger - Using platform encoding (Cp1252 actually) to copy filtered resources, i.e. build is platform dependent!
2022-10-22 15:45:44,252 [Worker-29: Launching Login] INFO  o.e.m.c.i.embedder.EclipseLogger - skip non existing resourceDirectory D:\SeagateHDD\Studying Files\QA Automation\Java\second_web\src\test\resources
2022-10-22 15:56:45,076 [Worker-29: Launching Login] WARN  o.e.m.c.i.embedder.EclipseLogger - Using platform encoding (Cp1252 actually) to copy filtered resources, i.e. build is platform dependent!
2022-10-22 15:56:45,076 [Worker-29: Launching Login] INFO  o.e.m.c.i.embedder.EclipseLogger - skip non existing resourceDirectory D:\SeagateHDD\Studying Files\QA Automation\Java\second_web\src\main\resources
2022-10-22 15:56:45,078 [Worker-29: Launching Login] WARN  o.e.m.c.i.embedder.EclipseLogger - Using platform encoding (Cp1252 actually) to copy filtered resources, i.e. build is platform dependent!
2022-10-22 15:56:45,078 [Worker-29: Launching Login] INFO  o.e.m.c.i.embedder.EclipseLogger - skip non existing resourceDirectory D:\SeagateHDD\Studying Files\QA Automation\Java\second_web\src\test\resources
2022-10-22 16:06:05,023 [Worker-43: Building] WARN  o.e.m.c.i.embedder.EclipseLogger - Using platform encoding (Cp1252 actually) to copy filtered resources, i.e. build is platform dependent!
2022-10-22 16:06:05,023 [Worker-43: Building] INFO  o.e.m.c.i.embedder.EclipseLogger - skip non existing resourceDirectory D:\SeagateHDD\Studying Files\QA Automation\Java\second_web\src\main\resources
2022-10-22 16:06:05,024 [Worker-43: Building] WARN  o.e.m.c.i.embedder.EclipseLogger - Using platform encoding (Cp1252 actually) to copy filtered resources, i.e. build is platform dependent!
2022-10-22 16:06:05,025 [Worker-43: Building] INFO  o.e.m.c.i.embedder.EclipseLogger - skip non existing resourceDirectory D:\SeagateHDD\Studying Files\QA Automation\Java\second_web\src\test\resources
2022-10-22 16:06:08,786 [Worker-29: Building] WARN  o.e.m.c.i.embedder.EclipseLogger - Using platform encoding (Cp1252 actually) to copy filtered resources, i.e. build is platform dependent!
2022-10-22 16:06:08,787 [Worker-29: Building] INFO  o.e.m.c.i.embedder.EclipseLogger - skip non existing resourceDirectory D:\SeagateHDD\Studying Files\QA Automation\Java\second_web\src\main\resources
2022-10-22 16:06:08,788 [Worker-29: Building] WARN  o.e.m.c.i.embedder.EclipseLogger - Using platform encoding (Cp1252 actually) to copy filtered resources, i.e. build is platform dependent!
2022-10-22 16:06:08,789 [Worker-29: Building] INFO  o.e.m.c.i.embedder.EclipseLogger - skip non existing resourceDirectory D:\SeagateHDD\Studying Files\QA Automation\Java\second_web\src\test\resources
2022-10-22 17:06:49,082 [Worker-29: Launching Login] WARN  o.e.m.c.i.embedder.EclipseLogger - Using platform encoding (Cp1252 actually) to copy filtered resources, i.e. build is platform dependent!
2022-10-22 17:06:49,083 [Worker-29: Launching Login] INFO  o.e.m.c.i.embedder.EclipseLogger - skip non existing resourceDirectory D:\SeagateHDD\Studying Files\QA Automation\Java\second_web\src\main\resources
2022-10-22 17:06:49,084 [Worker-29: Launching Login] WARN  o.e.m.c.i.embedder.EclipseLogger - Using platform encoding (Cp1252 actually) to copy filtered resources, i.e. build is platform dependent!
2022-10-22 17:06:49,085 [Worker-29: Launching Login] INFO  o.e.m.c.i.embedder.EclipseLogger - skip non existing resourceDirectory D:\SeagateHDD\Studying Files\QA Automation\Java\second_web\src\test\resources
2022-10-22 17:07:52,678 [Worker-45: Building] WARN  o.e.m.c.i.embedder.EclipseLogger - Using platform encoding (Cp1252 actually) to copy filtered resources, i.e. build is platform dependent!
2022-10-22 17:07:52,678 [Worker-45: Building] INFO  o.e.m.c.i.embedder.EclipseLogger - skip non existing resourceDirectory D:\SeagateHDD\Studying Files\QA Automation\Java\second_web\src\main\resources
2022-10-22 17:07:52,680 [Worker-45: Building] WARN  o.e.m.c.i.embedder.EclipseLogger - Using platform encoding (Cp1252 actually) to copy filtered resources, i.e. build is platform dependent!
2022-10-22 17:07:52,680 [Worker-45: Building] INFO  o.e.m.c.i.embedder.EclipseLogger - skip non existing resourceDirectory D:\SeagateHDD\Studying Files\QA Automation\Java\second_web\src\test\resources
2022-10-22 17:10:00,971 [Worker-45: Launching Login] WARN  o.e.m.c.i.embedder.EclipseLogger - Using platform encoding (Cp1252 actually) to copy filtered resources, i.e. build is platform dependent!
2022-10-22 17:10:00,971 [Worker-45: Launching Login] INFO  o.e.m.c.i.embedder.EclipseLogger - skip non existing resourceDirectory D:\SeagateHDD\Studying Files\QA Automation\Java\second_web\src\main\resources
2022-10-22 17:10:00,973 [Worker-45: Launching Login] WARN  o.e.m.c.i.embedder.EclipseLogger - Using platform encoding (Cp1252 actually) to copy filtered resources, i.e. build is platform dependent!
2022-10-22 17:10:00,975 [Worker-45: Launching Login] INFO  o.e.m.c.i.embedder.EclipseLogger - skip non existing resourceDirectory D:\SeagateHDD\Studying Files\QA Automation\Java\second_web\src\test\resources
2022-10-22 17:11:12,969 [Worker-29: Launching Login] WARN  o.e.m.c.i.embedder.EclipseLogger - Using platform encoding (Cp1252 actually) to copy filtered resources, i.e. build is platform dependent!
2022-10-22 17:11:12,969 [Worker-29: Launching Login] INFO  o.e.m.c.i.embedder.EclipseLogger - skip non existing resourceDirectory D:\SeagateHDD\Studying Files\QA Automation\Java\second_web\src\main\resources
2022-10-22 17:11:12,971 [Worker-29: Launching Login] WARN  o.e.m.c.i.embedder.EclipseLogger - Using platform encoding (Cp1252 actually) to copy filtered resources, i.e. build is platform dependent!
2022-10-22 17:11:12,971 [Worker-29: Launching Login] INFO  o.e.m.c.i.embedder.EclipseLogger - skip non existing resourceDirectory D:\SeagateHDD\Studying Files\QA Automation\Java\second_web\src\test\resources
2022-10-22 17:26:06,716 [Worker-51: Launching Login] WARN  o.e.m.c.i.embedder.EclipseLogger - Using platform encoding (Cp1252 actually) to copy filtered resources, i.e. build is platform dependent!
2022-10-22 17:26:06,717 [Worker-51: Launching Login] INFO  o.e.m.c.i.embedder.EclipseLogger - skip non existing resourceDirectory D:\SeagateHDD\Studying Files\QA Automation\Java\second_web\src\main\resources
2022-10-22 17:26:06,718 [Worker-51: Launching Login] WARN  o.e.m.c.i.embedder.EclipseLogger - Using platform encoding (Cp1252 actually) to copy filtered resources, i.e. build is platform dependent!
2022-10-22 17:26:06,719 [Worker-51: Launching Login] INFO  o.e.m.c.i.embedder.EclipseLogger - skip non existing resourceDirectory D:\SeagateHDD\Studying Files\QA Automation\Java\second_web\src\test\resources
2022-10-24 15:36:12,641 [Worker-70: Building] WARN  o.e.m.c.i.embedder.EclipseLogger - Using platform encoding (Cp1252 actually) to copy filtered resources, i.e. build is platform dependent!
2022-10-24 15:36:12,643 [Worker-70: Building] INFO  o.e.m.c.i.embedder.EclipseLogger - skip non existing resourceDirectory D:\SeagateHDD\Studying Files\QA Automation\Java\second_web\src\main\resources
2022-10-24 15:36:12,644 [Worker-70: Building] WARN  o.e.m.c.i.embedder.EclipseLogger - Using platform encoding (Cp1252 actually) to copy filtered resources, i.e. build is platform dependent!
2022-10-24 15:36:12,644 [Worker-70: Building] INFO  o.e.m.c.i.embedder.EclipseLogger - skip non existing resourceDirectory D:\SeagateHDD\Studying Files\QA Automation\Java\second_web\src\test\resources
2022-10-24 15:36:55,792 [Worker-63: Launching Login] WARN  o.e.m.c.i.embedder.EclipseLogger - Using platform encoding (Cp1252 actually) to copy filtered resources, i.e. build is platform dependent!
2022-10-24 15:36:55,794 [Worker-63: Launching Login] INFO  o.e.m.c.i.embedder.EclipseLogger - skip non existing resourceDirectory D:\SeagateHDD\Studying Files\QA Automation\Java\second_web\src\main\resources
2022-10-24 15:36:55,796 [Worker-63: Launching Login] WARN  o.e.m.c.i.embedder.EclipseLogger - Using platform encoding (Cp1252 actually) to copy filtered resources, i.e. build is platform dependent!
2022-10-24 15:36:55,797 [Worker-63: Launching Login] INFO  o.e.m.c.i.embedder.EclipseLogger - skip non existing resourceDirectory D:\SeagateHDD\Studying Files\QA Automation\Java\second_web\src\test\resources
2022-10-24 16:17:56,931 [Worker-66: Building] WARN  o.e.m.c.i.embedder.EclipseLogger - Using platform encoding (Cp1252 actually) to copy filtered resources, i.e. build is platform dependent!
2022-10-24 16:17:56,932 [Worker-66: Building] INFO  o.e.m.c.i.embedder.EclipseLogger - skip non existing resourceDirectory D:\SeagateHDD\Studying Files\QA Automation\Java\second_web\src\main\resources
2022-10-24 16:17:56,935 [Worker-66: Building] WARN  o.e.m.c.i.embedder.EclipseLogger - Using platform encoding (Cp1252 actually) to copy filtered resources, i.e. build is platform dependent!
2022-10-24 16:17:56,936 [Worker-66: Building] INFO  o.e.m.c.i.embedder.EclipseLogger - skip non existing resourceDirectory D:\SeagateHDD\Studying Files\QA Automation\Java\second_web\src\test\resources
2022-10-24 16:19:37,374 [Worker-66: Launching Search] WARN  o.e.m.c.i.embedder.EclipseLogger - Using platform encoding (Cp1252 actually) to copy filtered resources, i.e. build is platform dependent!
2022-10-24 16:19:37,376 [Worker-66: Launching Search] INFO  o.e.m.c.i.embedder.EclipseLogger - skip non existing resourceDirectory D:\SeagateHDD\Studying Files\QA Automation\Java\second_web\src\main\resources
2022-10-24 16:19:37,377 [Worker-66: Launching Search] WARN  o.e.m.c.i.embedder.EclipseLogger - Using platform encoding (Cp1252 actually) to copy filtered resources, i.e. build is platform dependent!
2022-10-24 16:19:37,378 [Worker-66: Launching Search] INFO  o.e.m.c.i.embedder.EclipseLogger - skip non existing resourceDirectory D:\SeagateHDD\Studying Files\QA Automation\Java\second_web\src\test\resources
2022-10-24 16:21:32,703 [Worker-66: Launching Search] WARN  o.e.m.c.i.embedder.EclipseLogger - Using platform encoding (Cp1252 actually) to copy filtered resources, i.e. build is platform dependent!
2022-10-24 16:21:32,704 [Worker-66: Launching Search] INFO  o.e.m.c.i.embedder.EclipseLogger - skip non existing resourceDirectory D:\SeagateHDD\Studying Files\QA Automation\Java\second_web\src\main\resources
2022-10-24 16:21:32,707 [Worker-66: Launching Search] WARN  o.e.m.c.i.embedder.EclipseLogger - Using platform encoding (Cp1252 actually) to copy filtered resources, i.e. build is platform dependent!
2022-10-24 16:21:32,708 [Worker-66: Launching Search] INFO  o.e.m.c.i.embedder.EclipseLogger - skip non existing resourceDirectory D:\SeagateHDD\Studying Files\QA Automation\Java\second_web\src\test\resources
2022-10-24 16:24:04,006 [Worker-63: Launching Search] WARN  o.e.m.c.i.embedder.EclipseLogger - Using platform encoding (Cp1252 actually) to copy filtered resources, i.e. build is platform dependent!
2022-10-24 16:24:04,007 [Worker-63: Launching Search] INFO  o.e.m.c.i.embedder.EclipseLogger - skip non existing resourceDirectory D:\SeagateHDD\Studying Files\QA Automation\Java\second_web\src\main\resources
2022-10-24 16:24:04,013 [Worker-63: Launching Search] WARN  o.e.m.c.i.embedder.EclipseLogger - Using platform encoding (Cp1252 actually) to copy filtered resources, i.e. build is platform dependent!
2022-10-24 16:24:04,015 [Worker-63: Launching Search] INFO  o.e.m.c.i.embedder.EclipseLogger - skip non existing resourceDirectory D:\SeagateHDD\Studying Files\QA Automation\Java\second_web\src\test\resources
2022-10-24 16:24:18,317 [Worker-79: Launching Search] WARN  o.e.m.c.i.embedder.EclipseLogger - Using platform encoding (Cp1252 actually) to copy filtered resources, i.e. build is platform dependent!
2022-10-24 16:24:18,318 [Worker-79: Launching Search] INFO  o.e.m.c.i.embedder.EclipseLogger - skip non existing resourceDirectory D:\SeagateHDD\Studying Files\QA Automation\Java\second_web\src\main\resources
2022-10-24 16:24:18,321 [Worker-79: Launching Search] WARN  o.e.m.c.i.embedder.EclipseLogger - Using platform encoding (Cp1252 actually) to copy filtered resources, i.e. build is platform dependent!
2022-10-24 16:24:18,322 [Worker-79: Launching Search] INFO  o.e.m.c.i.embedder.EclipseLogger - skip non existing resourceDirectory D:\SeagateHDD\Studying Files\QA Automation\Java\second_web\src\test\resources
2022-10-24 16:25:49,451 [Worker-81: Launching Search] WARN  o.e.m.c.i.embedder.EclipseLogger - Using platform encoding (Cp1252 actually) to copy filtered resources, i.e. build is platform dependent!
2022-10-24 16:25:49,452 [Worker-81: Launching Search] INFO  o.e.m.c.i.embedder.EclipseLogger - skip non existing resourceDirectory D:\SeagateHDD\Studying Files\QA Automation\Java\second_web\src\main\resources
2022-10-24 16:25:49,454 [Worker-81: Launching Search] WARN  o.e.m.c.i.embedder.EclipseLogger - Using platform encoding (Cp1252 actually) to copy filtered resources, i.e. build is platform dependent!
2022-10-24 16:25:49,455 [Worker-81: Launching Search] INFO  o.e.m.c.i.embedder.EclipseLogger - skip non existing resourceDirectory D:\SeagateHDD\Studying Files\QA Automation\Java\second_web\src\test\resources
2022-10-24 16:27:25,831 [Worker-63: Launching Search] WARN  o.e.m.c.i.embedder.EclipseLogger - Using platform encoding (Cp1252 actually) to copy filtered resources, i.e. build is platform dependent!
2022-10-24 16:27:25,832 [Worker-63: Launching Search] INFO  o.e.m.c.i.embedder.EclipseLogger - skip non existing resourceDirectory D:\SeagateHDD\Studying Files\QA Automation\Java\second_web\src\main\resources
2022-10-24 16:27:25,835 [Worker-63: Launching Search] WARN  o.e.m.c.i.embedder.EclipseLogger - Using platform encoding (Cp1252 actually) to copy filtered resources, i.e. build is platform dependent!
2022-10-24 16:27:25,836 [Worker-63: Launching Search] INFO  o.e.m.c.i.embedder.EclipseLogger - skip non existing resourceDirectory D:\SeagateHDD\Studying Files\QA Automation\Java\second_web\src\test\resources
2022-10-24 16:28:57,985 [Worker-83: Launching Search] WARN  o.e.m.c.i.embedder.EclipseLogger - Using platform encoding (Cp1252 actually) to copy filtered resources, i.e. build is platform dependent!
2022-10-24 16:28:57,986 [Worker-83: Launching Search] INFO  o.e.m.c.i.embedder.EclipseLogger - skip non existing resourceDirectory D:\SeagateHDD\Studying Files\QA Automation\Java\second_web\src\main\resources
2022-10-24 16:28:57,988 [Worker-83: Launching Search] WARN  o.e.m.c.i.embedder.EclipseLogger - Using platform encoding (Cp1252 actually) to copy filtered resources, i.e. build is platform dependent!
2022-10-24 16:28:57,989 [Worker-83: Launching Search] INFO  o.e.m.c.i.embedder.EclipseLogger - skip non existing resourceDirectory D:\SeagateHDD\Studying Files\QA Automation\Java\second_web\src\test\resources
2022-10-24 16:30:21,686 [Worker-85: Launching Search] WARN  o.e.m.c.i.embedder.EclipseLogger - Using platform encoding (Cp1252 actually) to copy filtered resources, i.e. build is platform dependent!
2022-10-24 16:30:21,687 [Worker-85: Launching Search] INFO  o.e.m.c.i.embedder.EclipseLogger - skip non existing resourceDirectory D:\SeagateHDD\Studying Files\QA Automation\Java\second_web\src\main\resources
2022-10-24 16:30:21,690 [Worker-85: Launching Search] WARN  o.e.m.c.i.embedder.EclipseLogger - Using platform encoding (Cp1252 actually) to copy filtered resources, i.e. build is platform dependent!
2022-10-24 16:30:21,690 [Worker-85: Launching Search] INFO  o.e.m.c.i.embedder.EclipseLogger - skip non existing resourceDirectory D:\SeagateHDD\Studying Files\QA Automation\Java\second_web\src\test\resources
2022-10-24 16:31:43,817 [Worker-87: Launching Search] WARN  o.e.m.c.i.embedder.EclipseLogger - Using platform encoding (Cp1252 actually) to copy filtered resources, i.e. build is platform dependent!
2022-10-24 16:31:43,818 [Worker-87: Launching Search] INFO  o.e.m.c.i.embedder.EclipseLogger - skip non existing resourceDirectory D:\SeagateHDD\Studying Files\QA Automation\Java\second_web\src\main\resources
2022-10-24 16:31:43,821 [Worker-87: Launching Search] WARN  o.e.m.c.i.embedder.EclipseLogger - Using platform encoding (Cp1252 actually) to copy filtered resources, i.e. build is platform dependent!
2022-10-24 16:31:43,822 [Worker-87: Launching Search] INFO  o.e.m.c.i.embedder.EclipseLogger - skip non existing resourceDirectory D:\SeagateHDD\Studying Files\QA Automation\Java\second_web\src\test\resources
2022-10-24 16:32:22,574 [Worker-87: Launching Search] WARN  o.e.m.c.i.embedder.EclipseLogger - Using platform encoding (Cp1252 actually) to copy filtered resources, i.e. build is platform dependent!
2022-10-24 16:32:22,576 [Worker-87: Launching Search] INFO  o.e.m.c.i.embedder.EclipseLogger - skip non existing resourceDirectory D:\SeagateHDD\Studying Files\QA Automation\Java\second_web\src\main\resources
2022-10-24 16:32:22,580 [Worker-87: Launching Search] WARN  o.e.m.c.i.embedder.EclipseLogger - Using platform encoding (Cp1252 actually) to copy filtered resources, i.e. build is platform dependent!
2022-10-24 16:32:22,581 [Worker-87: Launching Search] INFO  o.e.m.c.i.embedder.EclipseLogger - skip non existing resourceDirectory D:\SeagateHDD\Studying Files\QA Automation\Java\second_web\src\test\resources
2022-10-24 16:34:16,016 [Worker-87: Launching Search] WARN  o.e.m.c.i.embedder.EclipseLogger - Using platform encoding (Cp1252 actually) to copy filtered resources, i.e. build is platform dependent!
2022-10-24 16:34:16,017 [Worker-87: Launching Search] INFO  o.e.m.c.i.embedder.EclipseLogger - skip non existing resourceDirectory D:\SeagateHDD\Studying Files\QA Automation\Java\second_web\src\main\resources
2022-10-24 16:34:16,019 [Worker-87: Launching Search] WARN  o.e.m.c.i.embedder.EclipseLogger - Using platform encoding (Cp1252 actually) to copy filtered resources, i.e. build is platform dependent!
2022-10-24 16:34:16,020 [Worker-87: Launching Search] INFO  o.e.m.c.i.embedder.EclipseLogger - skip non existing resourceDirectory D:\SeagateHDD\Studying Files\QA Automation\Java\second_web\src\test\resources
2022-10-24 16:36:28,737 [Worker-87: Building] WARN  o.e.m.c.i.embedder.EclipseLogger - Using platform encoding (Cp1252 actually) to copy filtered resources, i.e. build is platform dependent!
2022-10-24 16:36:28,739 [Worker-87: Building] INFO  o.e.m.c.i.embedder.EclipseLogger - skip non existing resourceDirectory D:\SeagateHDD\Studying Files\QA Automation\Java\second_web\src\main\resources
2022-10-24 16:36:28,740 [Worker-87: Building] WARN  o.e.m.c.i.embedder.EclipseLogger - Using platform encoding (Cp1252 actually) to copy filtered resources, i.e. build is platform dependent!
2022-10-24 16:36:28,741 [Worker-87: Building] INFO  o.e.m.c.i.embedder.EclipseLogger - skip non existing resourceDirectory D:\SeagateHDD\Studying Files\QA Automation\Java\second_web\src\test\resources
2022-10-24 16:38:03,050 [Worker-83: Launching Search] WARN  o.e.m.c.i.embedder.EclipseLogger - Using platform encoding (Cp1252 actually) to copy filtered resources, i.e. build is platform dependent!
2022-10-24 16:38:03,051 [Worker-83: Launching Search] INFO  o.e.m.c.i.embedder.EclipseLogger - skip non existing resourceDirectory D:\SeagateHDD\Studying Files\QA Automation\Java\second_web\src\main\resources
2022-10-24 16:38:03,053 [Worker-83: Launching Search] WARN  o.e.m.c.i.embedder.EclipseLogger - Using platform encoding (Cp1252 actually) to copy filtered resources, i.e. build is platform dependent!
2022-10-24 16:38:03,054 [Worker-83: Launching Search] INFO  o.e.m.c.i.embedder.EclipseLogger - skip non existing resourceDirectory D:\SeagateHDD\Studying Files\QA Automation\Java\second_web\src\test\resources
2022-10-24 16:41:47,743 [Worker-89: Launching Search] WARN  o.e.m.c.i.embedder.EclipseLogger - Using platform encoding (Cp1252 actually) to copy filtered resources, i.e. build is platform dependent!
2022-10-24 16:41:47,745 [Worker-89: Launching Search] INFO  o.e.m.c.i.embedder.EclipseLogger - skip non existing resourceDirectory D:\SeagateHDD\Studying Files\QA Automation\Java\second_web\src\main\resources
2022-10-24 16:41:47,749 [Worker-89: Launching Search] WARN  o.e.m.c.i.embedder.EclipseLogger - Using platform encoding (Cp1252 actually) to copy filtered resources, i.e. build is platform dependent!
2022-10-24 16:41:47,751 [Worker-89: Launching Search] INFO  o.e.m.c.i.embedder.EclipseLogger - skip non existing resourceDirectory D:\SeagateHDD\Studying Files\QA Automation\Java\second_web\src\test\resources
2022-10-24 16:42:43,628 [Worker-96: Launching Search] WARN  o.e.m.c.i.embedder.EclipseLogger - Using platform encoding (Cp1252 actually) to copy filtered resources, i.e. build is platform dependent!
2022-10-24 16:42:43,630 [Worker-96: Launching Search] INFO  o.e.m.c.i.embedder.EclipseLogger - skip non existing resourceDirectory D:\SeagateHDD\Studying Files\QA Automation\Java\second_web\src\main\resources
2022-10-24 16:42:43,632 [Worker-96: Launching Search] WARN  o.e.m.c.i.embedder.EclipseLogger - Using platform encoding (Cp1252 actually) to copy filtered resources, i.e. build is platform dependent!
2022-10-24 16:42:43,633 [Worker-96: Launching Search] INFO  o.e.m.c.i.embedder.EclipseLogger - skip non existing resourceDirectory D:\SeagateHDD\Studying Files\QA Automation\Java\second_web\src\test\resources
2022-10-24 16:44:50,335 [Worker-94: Launching Search] WARN  o.e.m.c.i.embedder.EclipseLogger - Using platform encoding (Cp1252 actually) to copy filtered resources, i.e. build is platform dependent!
2022-10-24 16:44:50,337 [Worker-94: Launching Search] INFO  o.e.m.c.i.embedder.EclipseLogger - skip non existing resourceDirectory D:\SeagateHDD\Studying Files\QA Automation\Java\second_web\src\main\resources
2022-10-24 16:44:50,341 [Worker-94: Launching Search] WARN  o.e.m.c.i.embedder.EclipseLogger - Using platform encoding (Cp1252 actually) to copy filtered resources, i.e. build is platform dependent!
2022-10-24 16:44:50,343 [Worker-94: Launching Search] INFO  o.e.m.c.i.embedder.EclipseLogger - skip non existing resourceDirectory D:\SeagateHDD\Studying Files\QA Automation\Java\second_web\src\test\resources
2022-10-24 16:48:19,911 [Worker-97: Launching Search] WARN  o.e.m.c.i.embedder.EclipseLogger - Using platform encoding (Cp1252 actually) to copy filtered resources, i.e. build is platform dependent!
2022-10-24 16:48:19,913 [Worker-97: Launching Search] INFO  o.e.m.c.i.embedder.EclipseLogger - skip non existing resourceDirectory D:\SeagateHDD\Studying Files\QA Automation\Java\second_web\src\main\resources
2022-10-24 16:48:19,917 [Worker-97: Launching Search] WARN  o.e.m.c.i.embedder.EclipseLogger - Using platform encoding (Cp1252 actually) to copy filtered resources, i.e. build is platform dependent!
2022-10-24 16:48:19,919 [Worker-97: Launching Search] INFO  o.e.m.c.i.embedder.EclipseLogger - skip non existing resourceDirectory D:\SeagateHDD\Studying Files\QA Automation\Java\second_web\src\test\resources
2022-10-24 16:53:16,475 [Worker-104: Launching Search] WARN  o.e.m.c.i.embedder.EclipseLogger - Using platform encoding (Cp1252 actually) to copy filtered resources, i.e. build is platform dependent!
2022-10-24 16:53:16,475 [Worker-104: Launching Search] INFO  o.e.m.c.i.embedder.EclipseLogger - skip non existing resourceDirectory D:\SeagateHDD\Studying Files\QA Automation\Java\second_web\src\main\resources
2022-10-24 16:53:16,476 [Worker-104: Launching Search] WARN  o.e.m.c.i.embedder.EclipseLogger - Using platform encoding (Cp1252 actually) to copy filtered resources, i.e. build is platform dependent!
2022-10-24 16:53:16,477 [Worker-104: Launching Search] INFO  o.e.m.c.i.embedder.EclipseLogger - skip non existing resourceDirectory D:\SeagateHDD\Studying Files\QA Automation\Java\second_web\src\test\resources
2022-10-24 16:54:40,778 [Worker-106: Launching Search] WARN  o.e.m.c.i.embedder.EclipseLogger - Using platform encoding (Cp1252 actually) to copy filtered resources, i.e. build is platform dependent!
2022-10-24 16:54:40,778 [Worker-106: Launching Search] INFO  o.e.m.c.i.embedder.EclipseLogger - skip non existing resourceDirectory D:\SeagateHDD\Studying Files\QA Automation\Java\second_web\src\main\resources
2022-10-24 16:54:40,780 [Worker-106: Launching Search] WARN  o.e.m.c.i.embedder.EclipseLogger - Using platform encoding (Cp1252 actually) to copy filtered resources, i.e. build is platform dependent!
2022-10-24 16:54:40,781 [Worker-106: Launching Search] INFO  o.e.m.c.i.embedder.EclipseLogger - skip non existing resourceDirectory D:\SeagateHDD\Studying Files\QA Automation\Java\second_web\src\test\resources
2022-10-24 16:56:57,039 [Worker-104: Launching Search] WARN  o.e.m.c.i.embedder.EclipseLogger - Using platform encoding (Cp1252 actually) to copy filtered resources, i.e. build is platform dependent!
2022-10-24 16:56:57,040 [Worker-104: Launching Search] INFO  o.e.m.c.i.embedder.EclipseLogger - skip non existing resourceDirectory D:\SeagateHDD\Studying Files\QA Automation\Java\second_web\src\main\resources
2022-10-24 16:56:57,041 [Worker-104: Launching Search] WARN  o.e.m.c.i.embedder.EclipseLogger - Using platform encoding (Cp1252 actually) to copy filtered resources, i.e. build is platform dependent!
2022-10-24 16:56:57,042 [Worker-104: Launching Search] INFO  o.e.m.c.i.embedder.EclipseLogger - skip non existing resourceDirectory D:\SeagateHDD\Studying Files\QA Automation\Java\second_web\src\test\resources
2022-10-24 23:22:44,452 [Worker-112: Building] WARN  o.e.m.c.i.embedder.EclipseLogger - Using platform encoding (Cp1252 actually) to copy filtered resources, i.e. build is platform dependent!
2022-10-24 23:22:44,453 [Worker-112: Building] INFO  o.e.m.c.i.embedder.EclipseLogger - skip non existing resourceDirectory D:\SeagateHDD\Studying Files\QA Automation\Java\second_web\src\main\resources
2022-10-24 23:22:44,454 [Worker-112: Building] WARN  o.e.m.c.i.embedder.EclipseLogger - Using platform encoding (Cp1252 actually) to copy filtered resources, i.e. build is platform dependent!
2022-10-24 23:22:44,454 [Worker-112: Building] INFO  o.e.m.c.i.embedder.EclipseLogger - skip non existing resourceDirectory D:\SeagateHDD\Studying Files\QA Automation\Java\second_web\src\test\resources
2022-10-24 23:25:03,544 [Worker-112: Launching Login] WARN  o.e.m.c.i.embedder.EclipseLogger - Using platform encoding (Cp1252 actually) to copy filtered resources, i.e. build is platform dependent!
2022-10-24 23:25:03,544 [Worker-112: Launching Login] INFO  o.e.m.c.i.embedder.EclipseLogger - skip non existing resourceDirectory D:\SeagateHDD\Studying Files\QA Automation\Java\second_web\src\main\resources
2022-10-24 23:25:03,546 [Worker-112: Launching Login] WARN  o.e.m.c.i.embedder.EclipseLogger - Using platform encoding (Cp1252 actually) to copy filtered resources, i.e. build is platform dependent!
2022-10-24 23:25:03,547 [Worker-112: Launching Login] INFO  o.e.m.c.i.embedder.EclipseLogger - skip non existing resourceDirectory D:\SeagateHDD\Studying Files\QA Automation\Java\second_web\src\test\resources
2022-10-24 23:26:12,803 [Worker-113: Launching Login] WARN  o.e.m.c.i.embedder.EclipseLogger - Using platform encoding (Cp1252 actually) to copy filtered resources, i.e. build is platform dependent!
2022-10-24 23:26:12,803 [Worker-113: Launching Login] INFO  o.e.m.c.i.embedder.EclipseLogger - skip non existing resourceDirectory D:\SeagateHDD\Studying Files\QA Automation\Java\second_web\src\main\resources
2022-10-24 23:26:12,805 [Worker-113: Launching Login] WARN  o.e.m.c.i.embedder.EclipseLogger - Using platform encoding (Cp1252 actually) to copy filtered resources, i.e. build is platform dependent!
2022-10-24 23:26:12,805 [Worker-113: Launching Login] INFO  o.e.m.c.i.embedder.EclipseLogger - skip non existing resourceDirectory D:\SeagateHDD\Studying Files\QA Automation\Java\second_web\src\test\resources
2022-10-24 23:28:20,407 [Worker-111: Launching Login] WARN  o.e.m.c.i.embedder.EclipseLogger - Using platform encoding (Cp1252 actually) to copy filtered resources, i.e. build is platform dependent!
2022-10-24 23:28:20,408 [Worker-111: Launching Login] INFO  o.e.m.c.i.embedder.EclipseLogger - skip non existing resourceDirectory D:\SeagateHDD\Studying Files\QA Automation\Java\second_web\src\main\resources
2022-10-24 23:28:20,409 [Worker-111: Launching Login] WARN  o.e.m.c.i.embedder.EclipseLogger - Using platform encoding (Cp1252 actually) to copy filtered resources, i.e. build is platform dependent!
2022-10-24 23:28:20,410 [Worker-111: Launching Login] INFO  o.e.m.c.i.embedder.EclipseLogger - skip non existing resourceDirectory D:\SeagateHDD\Studying Files\QA Automation\Java\second_web\src\test\resources
2022-10-24 23:29:48,878 [Worker-114: Building] WARN  o.e.m.c.i.embedder.EclipseLogger - Using platform encoding (Cp1252 actually) to copy filtered resources, i.e. build is platform dependent!
2022-10-24 23:29:48,879 [Worker-114: Building] INFO  o.e.m.c.i.embedder.EclipseLogger - skip non existing resourceDirectory D:\SeagateHDD\Studying Files\QA Automation\Java\second_web\src\main\resources
2022-10-24 23:29:48,880 [Worker-114: Building] WARN  o.e.m.c.i.embedder.EclipseLogger - Using platform encoding (Cp1252 actually) to copy filtered resources, i.e. build is platform dependent!
2022-10-24 23:29:48,881 [Worker-114: Building] INFO  o.e.m.c.i.embedder.EclipseLogger - skip non existing resourceDirectory D:\SeagateHDD\Studying Files\QA Automation\Java\second_web\src\test\resources
2022-10-24 23:30:49,291 [Worker-117: Launching Login] WARN  o.e.m.c.i.embedder.EclipseLogger - Using platform encoding (Cp1252 actually) to copy filtered resources, i.e. build is platform dependent!
2022-10-24 23:30:49,291 [Worker-117: Launching Login] INFO  o.e.m.c.i.embedder.EclipseLogger - skip non existing resourceDirectory D:\SeagateHDD\Studying Files\QA Automation\Java\second_web\src\main\resources
2022-10-24 23:30:49,292 [Worker-117: Launching Login] WARN  o.e.m.c.i.embedder.EclipseLogger - Using platform encoding (Cp1252 actually) to copy filtered resources, i.e. build is platform dependent!
2022-10-24 23:30:49,293 [Worker-117: Launching Login] INFO  o.e.m.c.i.embedder.EclipseLogger - skip non existing resourceDirectory D:\SeagateHDD\Studying Files\QA Automation\Java\second_web\src\test\resources
